/Users/james/Projects/terminal-notifier/tn/Sources/TNCore/Engine.swift:24:10: error: Force Unwrapping Violation: Force unwrapping should be avoided (force_unwrapping)
/Users/james/Projects/terminal-notifier/tn/Tests/TNCoreTests/ExampleTests.swift:5:7: error: Attributes Violation: Attributes should be on their own lines in functions and types, but on the same line as variables and imports (attributes)
/Users/james/Projects/terminal-notifier/tn/Tests/TNCoreTests/ExampleTests.swift:6:7: error: Identifier Name Violation: Variable name 'p' should be between 2 and 50 characters long (identifier_name)
/Users/james/Projects/terminal-notifier/tn/Sources/TNCore/Models.swift:1:1: error: File Name Violation: File name should match a type or extension declared in the file (if any) (file_name)
/Users/james/Projects/terminal-notifier/tn/Sources/TNCore/Models.swift:5:21: error: Identifier Name Violation: Variable name 's' should be between 2 and 50 characters long (identifier_name)
/Users/james/Projects/terminal-notifier/tn/Sources/TNCore/Models.swift:6:15: error: Identifier Name Violation: Variable name 's' should be between 2 and 50 characters long (identifier_name)
/Users/james/Projects/terminal-notifier/tn/Tests/TNCoreTests/ValidationTests.swift:6:8: error: Attributes Violation: Attributes should be on their own lines in functions and types, but on the same line as variables and imports (attributes)
/Users/james/Projects/terminal-notifier/tn/Tests/TNCoreTests/ValidationTests.swift:15:9: error: Attributes Violation: Attributes should be on their own lines in functions and types, but on the same line as variables and imports (attributes)
/Users/james/Projects/terminal-notifier/tn/Tests/TNCoreTests/ValidationTests.swift:54:9: error: Attributes Violation: Attributes should be on their own lines in functions and types, but on the same line as variables and imports (attributes)
/Users/james/Projects/terminal-notifier/tn/Tests/TNCoreTests/ValidationTests.swift:127:9: error: Attributes Violation: Attributes should be on their own lines in functions and types, but on the same line as variables and imports (attributes)
/Users/james/Projects/terminal-notifier/tn/Tests/TNCoreTests/ValidationTests.swift:47:51: error: Identifier Name Violation: Variable name 'e' should be between 2 and 50 characters long (identifier_name)
/Users/james/Projects/terminal-notifier/tn/Tests/TNCoreTests/ValidationTests.swift:90:50: error: Identifier Name Violation: Variable name 'e' should be between 2 and 50 characters long (identifier_name)
/Users/james/Projects/terminal-notifier/tn/Tests/TNCoreTests/ValidationTests.swift:117:50: error: Identifier Name Violation: Variable name 'e' should be between 2 and 50 characters long (identifier_name)
/Users/james/Projects/terminal-notifier/tn/Tests/TNCoreTests/ValidationTests.swift:143:51: error: Identifier Name Violation: Variable name 'e' should be between 2 and 50 characters long (identifier_name)
/Users/james/Projects/terminal-notifier/tn/Tests/TNCoreTests/ValidationTests.swift:146:36: error: Identifier Name Violation: Variable name 'v' should be between 2 and 50 characters long (identifier_name)
/Users/james/Projects/terminal-notifier/tn/Sources/tn/main.swift:37:17: error: Identifier Name Violation: Variable name 'e' should be between 2 and 50 characters long (identifier_name)
/Users/james/Projects/terminal-notifier/tn/Sources/tn/main.swift:61:9: error: Identifier Name Violation: Variable name 'i' should be between 2 and 50 characters long (identifier_name)
/Users/james/Projects/terminal-notifier/tn/Sources/tn/main.swift:186:12: error: Identifier Name Violation: Variable name 's' should be between 2 and 50 characters long (identifier_name)
/Users/james/Projects/terminal-notifier/tn/Sources/tn/main.swift:229:3: error: Variable Declaration Whitespace Violation: Variable declarations should be separated from other statements by a blank line (let_var_whitespace)
/Users/james/Projects/terminal-notifier/tn/Sources/tn/main.swift:238:3: error: Variable Declaration Whitespace Violation: Variable declarations should be separated from other statements by a blank line (let_var_whitespace)
/Users/james/Projects/terminal-notifier/tn/Sources/tn/main.swift:252:3: error: Variable Declaration Whitespace Violation: Variable declarations should be separated from other statements by a blank line (let_var_whitespace)
/Users/james/Projects/terminal-notifier/tn/Sources/tn/main.swift:262:3: error: Variable Declaration Whitespace Violation: Variable declarations should be separated from other statements by a blank line (let_var_whitespace)
/Users/james/Projects/terminal-notifier/tn/Sources/tn/main.swift:271:3: error: Variable Declaration Whitespace Violation: Variable declarations should be separated from other statements by a blank line (let_var_whitespace)
/Users/james/Projects/terminal-notifier/tn/Sources/tn/main.swift:279:3: error: Variable Declaration Whitespace Violation: Variable declarations should be separated from other statements by a blank line (let_var_whitespace)
/Users/james/Projects/terminal-notifier/tn/Sources/tn/main.swift:8:8: error: Type Name Violation: Type name 'TN' should be between 3 and 40 characters long (type_name)
/Users/james/Projects/terminal-notifier/tn/Sources/TNCore/Validation.swift:15:30: error: Identifier Name Violation: Variable name 's' should be between 2 and 50 characters long (identifier_name)
/Users/james/Projects/terminal-notifier/tn/Sources/TNCore/Validation.swift:17:34: error: Identifier Name Violation: Variable name 'p' should be between 2 and 50 characters long (identifier_name)
/Users/james/Projects/terminal-notifier/tn/Sources/TNCore/Validation.swift:21:34: error: Identifier Name Violation: Variable name 'v' should be between 2 and 50 characters long (identifier_name)
/Users/james/Projects/terminal-notifier/tn/Sources/TNCore/Validation.swift:40:12: error: Identifier Name Violation: Variable name 's' should be between 2 and 50 characters long (identifier_name)
/Users/james/Projects/terminal-notifier/tn/Sources/TNCore/Validation.swift:67:12: error: Identifier Name Violation: Variable name 'w' should be between 2 and 50 characters long (identifier_name)
/Users/james/Projects/terminal-notifier/tn/Sources/TNCore/Profiles.swift:1:1: error: File Name Violation: File name should match a type or extension declared in the file (if any) (file_name)
/Users/james/Projects/terminal-notifier/tn/Sources/TNCore/Profiles.swift:24:11: error: Identifier Name Violation: Variable name 'p' should be between 2 and 50 characters long (identifier_name)
/Users/james/Projects/terminal-notifier/tn/Sources/TNCore/Profiles.swift:33:9: error: Identifier Name Violation: Variable name 'p' should be between 2 and 50 characters long (identifier_name)
/Users/james/Projects/terminal-notifier/tn/Sources/TNCore/Profiles.swift:46:15: error: Identifier Name Violation: Variable name 'n' should be between 2 and 50 characters long (identifier_name)
/Users/james/Projects/terminal-notifier/tn/Tests/TNCoreTests/IPCTests.swift:6:8: error: Attributes Violation: Attributes should be on their own lines in functions and types, but on the same line as variables and imports (attributes)
/Users/james/Projects/terminal-notifier/tn/Tests/TNCoreTests/IPCTests.swift:7:9: error: Attributes Violation: Attributes should be on their own lines in functions and types, but on the same line as variables and imports (attributes)
/Users/james/Projects/terminal-notifier/tn/Tests/TNCoreTests/IPCTests.swift:33:9: error: Attributes Violation: Attributes should be on their own lines in functions and types, but on the same line as variables and imports (attributes)
/Users/james/Projects/terminal-notifier/tn/Tests/TNCoreTests/IPCTests.swift:64:15: error: Identifier Name Violation: Variable name 's' should be between 2 and 50 characters long (identifier_name)
/Users/james/Projects/terminal-notifier/tn/Tests/TNCoreTests/IPCTests.swift:67:15: error: Identifier Name Violation: Variable name 'r' should be between 2 and 50 characters long (identifier_name)
/Users/james/Projects/terminal-notifier/tn/Sources/NotifierShim/main.swift:22:75: error: Force Unwrapping Violation: Force unwrapping should be avoided (force_unwrapping)
/Users/james/Projects/terminal-notifier/tn/Sources/NotifierShim/main.swift:9:15: error: Function Body Length Violation: Function body should span 80 lines or less excluding comments and whitespace: currently spans 82 lines (function_body_length)
/Users/james/Projects/terminal-notifier/tn/Sources/NotifierShim/main.swift:67:21: error: Identifier Name Violation: Variable name 'e' should be between 2 and 50 characters long (identifier_name)
/Users/james/Projects/terminal-notifier/tn/Sources/NotifierShim/main.swift:72:39: error: Identifier Name Violation: Variable name 'm' should be between 2 and 50 characters long (identifier_name)
/Users/james/Projects/terminal-notifier/tn/Sources/NotifierShim/main.swift:75:29: error: Identifier Name Violation: Variable name 'm' should be between 2 and 50 characters long (identifier_name)
/Users/james/Projects/terminal-notifier/tn/Sources/NotifierShim/main.swift:143:12: error: Identifier Name Violation: Variable name 's' should be between 2 and 50 characters long (identifier_name)
/Users/james/Projects/terminal-notifier/tn/Sources/NotifierShim/main.swift:145:12: error: Identifier Name Violation: Variable name 'g' should be between 2 and 50 characters long (identifier_name)
/Users/james/Projects/terminal-notifier/tn/Sources/NotifierShim/main.swift:179:36: error: Identifier Name Violation: Variable name 'n' should be between 2 and 50 characters long (identifier_name)
/Users/james/Projects/terminal-notifier/tn/Sources/NotifierShim/main.swift:183:28: error: Identifier Name Violation: Variable name 'n' should be between 2 and 50 characters long (identifier_name)
/Users/james/Projects/terminal-notifier/tn/Sources/NotifierShim/main.swift:184:11: error: Identifier Name Violation: Variable name 'c' should be between 2 and 50 characters long (identifier_name)
/Users/james/Projects/terminal-notifier/tn/Sources/NotifierShim/main.swift:108:3: error: Variable Declaration Whitespace Violation: Variable declarations should be separated from other statements by a blank line (let_var_whitespace)
/Users/james/Projects/terminal-notifier/tn/Sources/TNCore/IPC.swift:1:1: error: File Name Violation: File name should match a type or extension declared in the file (if any) (file_name)
/Users/james/Projects/terminal-notifier/tn/Sources/TNCore/IPC.swift:163:35: error: Force Unwrapping Violation: Force unwrapping should be avoided (force_unwrapping)
/Users/james/Projects/terminal-notifier/tn/Sources/TNCore/IPC.swift:105:36: error: Identifier Name Violation: Variable name 'e' should be between 2 and 50 characters long (identifier_name)
/Users/james/Projects/terminal-notifier/tn/Sources/TNCore/IPC.swift:106:29: error: Identifier Name Violation: Variable name 'e' should be between 2 and 50 characters long (identifier_name)
/Users/james/Projects/terminal-notifier/tn/Sources/TNCore/IPC.swift:106:36: error: Identifier Name Violation: Variable name 'p' should be between 2 and 50 characters long (identifier_name)
/Users/james/Projects/terminal-notifier/tn/Sources/TNCore/IPC.swift:107:27: error: Identifier Name Violation: Variable name 'e' should be between 2 and 50 characters long (identifier_name)
/Users/james/Projects/terminal-notifier/tn/Sources/TNCore/IPC.swift:108:26: error: Identifier Name Violation: Variable name 'e' should be between 2 and 50 characters long (identifier_name)
/Users/james/Projects/terminal-notifier/tn/Sources/TNCore/IPC.swift:110:28: error: Identifier Name Violation: Variable name 'm' should be between 2 and 50 characters long (identifier_name)
/Users/james/Projects/terminal-notifier/tn/Sources/TNCore/IPC.swift:163:13: error: Identifier Name Violation: Variable name 'p' should be between 2 and 50 characters long (identifier_name)
/Users/james/Projects/terminal-notifier/tn/Sources/TNCore/IPC.swift:164:13: error: Identifier Name Violation: Variable name 'n' should be between 2 and 50 characters long (identifier_name)
/Users/james/Projects/terminal-notifier/tn/Sources/TNCore/IPC.swift:171:40: error: Identifier Name Violation: Variable name 'n' should be between 2 and 50 characters long (identifier_name)
/Users/james/Projects/terminal-notifier/tn/Sources/TNCore/IPC.swift:178:11: error: Identifier Name Violation: Variable name 'r' should be between 2 and 50 characters long (identifier_name)
/Users/james/Projects/terminal-notifier/tn/Tests/TNCoreTests/ProfilesTests.swift:6:8: error: Attributes Violation: Attributes should be on their own lines in functions and types, but on the same line as variables and imports (attributes)
/Users/james/Projects/terminal-notifier/tn/Tests/TNCoreTests/ProfilesTests.swift:7:9: error: Attributes Violation: Attributes should be on their own lines in functions and types, but on the same line as variables and imports (attributes)
/Users/james/Projects/terminal-notifier/tn/Tests/TNCoreTests/EngineIPCTests.swift:6:8: error: Attributes Violation: Attributes should be on their own lines in functions and types, but on the same line as variables and imports (attributes)
/Users/james/Projects/terminal-notifier/tn/Tests/TNCoreTests/EngineIPCTests.swift:70:9: error: Attributes Violation: Attributes should be on their own lines in functions and types, but on the same line as variables and imports (attributes)
/Users/james/Projects/terminal-notifier/tn/Tests/TNCoreTests/EngineIPCTests.swift:77:34: error: Force Try Violation: Force tries should be avoided (force_try)
/Users/james/Projects/terminal-notifier/tn/Tests/TNCoreTests/EngineIPCTests.swift:80:20: error: Force Try Violation: Force tries should be avoided (force_try)
/Users/james/Projects/terminal-notifier/tn/Tests/TNCoreTests/EngineIPCTests.swift:26:75: error: Force Unwrapping Violation: Force unwrapping should be avoided (force_unwrapping)
/Users/james/Projects/terminal-notifier/tn/Tests/TNCoreTests/CLITests.swift:6:8: error: Attributes Violation: Attributes should be on their own lines in functions and types, but on the same line as variables and imports (attributes)
/Users/james/Projects/terminal-notifier/tn/Tests/TNCoreTests/CLITests.swift:48:9: error: Attributes Violation: Attributes should be on their own lines in functions and types, but on the same line as variables and imports (attributes)
/Users/james/Projects/terminal-notifier/tn/Tests/TNCoreTests/CLITests.swift:56:9: error: Attributes Violation: Attributes should be on their own lines in functions and types, but on the same line as variables and imports (attributes)
/Users/james/Projects/terminal-notifier/tn/Tests/TNCoreTests/CLITests.swift:66:9: error: Attributes Violation: Attributes should be on their own lines in functions and types, but on the same line as variables and imports (attributes)
/Users/james/Projects/terminal-notifier/tn/Tests/TNCoreTests/CLITests.swift:73:9: error: Attributes Violation: Attributes should be on their own lines in functions and types, but on the same line as variables and imports (attributes)
/Users/james/Projects/terminal-notifier/tn/Tests/TNCoreTests/CLITests.swift:80:9: error: Attributes Violation: Attributes should be on their own lines in functions and types, but on the same line as variables and imports (attributes)
/Users/james/Projects/terminal-notifier/tn/Tests/TNCoreTests/CLITests.swift:87:9: error: Attributes Violation: Attributes should be on their own lines in functions and types, but on the same line as variables and imports (attributes)
/Users/james/Projects/terminal-notifier/tn/Tests/TNCoreTests/CLITests.swift:93:9: error: Attributes Violation: Attributes should be on their own lines in functions and types, but on the same line as variables and imports (attributes)
/Users/james/Projects/terminal-notifier/tn/Tests/TNCoreTests/CLITests.swift:99:9: error: Attributes Violation: Attributes should be on their own lines in functions and types, but on the same line as variables and imports (attributes)
/Users/james/Projects/terminal-notifier/tn/Tests/TNCoreTests/CLITests.swift:106:9: error: Attributes Violation: Attributes should be on their own lines in functions and types, but on the same line as variables and imports (attributes)
/Users/james/Projects/terminal-notifier/tn/Tests/TNCoreTests/CLITests.swift:112:9: error: Attributes Violation: Attributes should be on their own lines in functions and types, but on the same line as variables and imports (attributes)
/Users/james/Projects/terminal-notifier/tn/Tests/TNCoreTests/CLITests.swift:118:9: error: Attributes Violation: Attributes should be on their own lines in functions and types, but on the same line as variables and imports (attributes)
/Users/james/Projects/terminal-notifier/tn/Tests/TNCoreTests/CLITests.swift:124:9: error: Attributes Violation: Attributes should be on their own lines in functions and types, but on the same line as variables and imports (attributes)
/Users/james/Projects/terminal-notifier/tn/Tests/TNCoreTests/CLITests.swift:130:9: error: Attributes Violation: Attributes should be on their own lines in functions and types, but on the same line as variables and imports (attributes)
/Users/james/Projects/terminal-notifier/tn/Tests/TNCoreTests/CLITests.swift:36:65: error: Force Unwrapping Violation: Force unwrapping should be avoided (force_unwrapping)
/Users/james/Projects/terminal-notifier/tn/Tests/TNCoreTests/CLITests.swift:14:9: error: Identifier Name Violation: Variable name 'p' should be between 2 and 50 characters long (identifier_name)
/Users/james/Projects/terminal-notifier/tn/Tests/TNCoreTests/CLITests.swift:49:9: error: Identifier Name Violation: Variable name 'r' should be between 2 and 50 characters long (identifier_name)
/Users/james/Projects/terminal-notifier/tn/Tests/TNCoreTests/CLITests.swift:57:9: error: Identifier Name Violation: Variable name 'v' should be between 2 and 50 characters long (identifier_name)
/Users/james/Projects/terminal-notifier/tn/Tests/TNCoreTests/CLITests.swift:61:9: error: Identifier Name Violation: Variable name 'h' should be between 2 and 50 characters long (identifier_name)
/Users/james/Projects/terminal-notifier/tn/Tests/TNCoreTests/CLITests.swift:67:9: error: Identifier Name Violation: Variable name 'r' should be between 2 and 50 characters long (identifier_name)
/Users/james/Projects/terminal-notifier/tn/Tests/TNCoreTests/CLITests.swift:74:9: error: Identifier Name Violation: Variable name 'r' should be between 2 and 50 characters long (identifier_name)
/Users/james/Projects/terminal-notifier/tn/Tests/TNCoreTests/CLITests.swift:81:9: error: Identifier Name Violation: Variable name 'r' should be between 2 and 50 characters long (identifier_name)
/Users/james/Projects/terminal-notifier/tn/Tests/TNCoreTests/CLITests.swift:88:9: error: Identifier Name Violation: Variable name 'r' should be between 2 and 50 characters long (identifier_name)
/Users/james/Projects/terminal-notifier/tn/Tests/TNCoreTests/CLITests.swift:94:9: error: Identifier Name Violation: Variable name 'r' should be between 2 and 50 characters long (identifier_name)
/Users/james/Projects/terminal-notifier/tn/Tests/TNCoreTests/CLITests.swift:101:9: error: Identifier Name Violation: Variable name 'r' should be between 2 and 50 characters long (identifier_name)
/Users/james/Projects/terminal-notifier/tn/Tests/TNCoreTests/CLITests.swift:107:9: error: Identifier Name Violation: Variable name 'r' should be between 2 and 50 characters long (identifier_name)
/Users/james/Projects/terminal-notifier/tn/Tests/TNCoreTests/CLITests.swift:113:9: error: Identifier Name Violation: Variable name 'r' should be between 2 and 50 characters long (identifier_name)
/Users/james/Projects/terminal-notifier/tn/Tests/TNCoreTests/CLITests.swift:119:9: error: Identifier Name Violation: Variable name 'r' should be between 2 and 50 characters long (identifier_name)
/Users/james/Projects/terminal-notifier/tn/Tests/TNCoreTests/CLITests.swift:125:9: error: Identifier Name Violation: Variable name 'r' should be between 2 and 50 characters long (identifier_name)
/Users/james/Projects/terminal-notifier/tn/Tests/TNCoreTests/CLITests.swift:131:9: error: Identifier Name Violation: Variable name 'r' should be between 2 and 50 characters long (identifier_name)
/Users/james/Projects/terminal-notifier/tn/Tests/TNCoreTests/CLITests.swift:21:64: error: Large Tuple Violation: Tuples should have at most 2 members (large_tuple)
